Using pre-set license
Built from '2020.3/staging' branch; Version is '2020.3.22f1 (e1a7f79fd887) revision 14788599'; Using compiler version '192528614'; Build Type 'Release'
OS: 'Windows 10 Pro; OS build 22631.4169; Version 2009; 64bit' Language: 'en' Physical Memory: 32682 MB
BatchMode: 1, IsHumanControllingUs: 0, StartBugReporterOnCrash: 0, Is64bit: 1, IsPro: 0

COMMAND LINE ARGUMENTS:
C:\Program Files\Unity\Hub\Editor\2020.3.22f1\Editor\Unity.exe
-adb2
-batchMode
-noUpm
-name
AssetImportWorker0
-projectPath
E:/Elena Project/EEG/Version 1.7 - Testing with eye tracking/Signal Check/Collaboration Project with Alexis
-logFile
Logs/AssetImportWorker0.log
-srvPort
51565
Successfully changed project path to: E:/Elena Project/EEG/Version 1.7 - Testing with eye tracking/Signal Check/Collaboration Project with Alexis
E:/Elena Project/EEG/Version 1.7 - Testing with eye tracking/Signal Check/Collaboration Project with Alexis
Using Asset Import Pipeline V2.
Refreshing native plugins compatible for Editor in 77.89 ms, found 13 plugins.
Preloading 1 native plugins for Editor in 0.65 ms.
Initialize engine version: 2020.3.22f1 (e1a7f79fd887)
[Subsystems] Discovering subsystems at path C:/Program Files/Unity/Hub/Editor/2020.3.22f1/Editor/Data/Resources/UnitySubsystems
[Subsystems] Discovering subsystems at path E:/Elena Project/EEG/Version 1.7 - Testing with eye tracking/Signal Check/Collaboration Project with Alexis/Assets
GfxDevice: creating device client; threaded=0
Direct3D:
    Version:  Direct3D 11.0 [level 11.1]
    Renderer: NVIDIA GeForce RTX 2080 (ID=0x1e82)
    Vendor:   
    VRAM:     8002 MB
    Driver:   31.0.15.3623
Shader 'Oculus/OVRMRCameraFrameLit': fallback shader 'Alpha-Diffuse' not found
Initialize mono
Mono path[0] = 'C:/Program Files/Unity/Hub/Editor/2020.3.22f1/Editor/Data/Managed'
Mono path[1] = 'C:/Program Files/Unity/Hub/Editor/2020.3.22f1/Editor/Data/MonoBleedingEdge/lib/mono/unityjit'
Mono config path = 'C:/Program Files/Unity/Hub/Editor/2020.3.22f1/Editor/Data/MonoBleedingEdge/etc'
Using monoOptions --debugger-agent=transport=dt_socket,embedding=1,server=y,suspend=n,address=127.0.0.1:56020
Begin MonoManager ReloadAssembly
Registering precompiled unity dll's ...
Register platform support module: C:/Program Files/Unity/Hub/Editor/2020.3.22f1/Editor/Data/PlaybackEngines/WindowsStandaloneSupport/UnityEditor.WindowsStandalone.Extensions.dll
Registered in 0.001304 seconds.
Native extension for WindowsStandalone target not found
Refreshing native plugins compatible for Editor in 66.96 ms, found 13 plugins.
Preloading 1 native plugins for Editor in 0.04 ms.
Mono: successfully reloaded assembly
- Completed reload, in  0.975 seconds
Domain Reload Profiling:
	ReloadAssembly (976ms)
		BeginReloadAssembly (43ms)
			ExecutionOrderSort (0ms)
			DisableScriptedObjects (0ms)
			BackupInstance (0ms)
			ReleaseScriptingObjects (0ms)
			CreateAndSetChildDomain (1ms)
		EndReloadAssembly (401ms)
			LoadAssemblies (41ms)
			RebuildTransferFunctionScriptingTraits (0ms)
			SetupTypeCache (122ms)
			ReleaseScriptCaches (0ms)
			RebuildScriptCaches (26ms)
			SetupLoadedEditorAssemblies (171ms)
				LogAssemblyErrors (0ms)
				InitializePlatformSupportModulesInManaged (3ms)
				SetLoadedEditorAssemblies (0ms)
				RefreshPlugins (67ms)
				BeforeProcessingInitializeOnLoad (12ms)
				ProcessInitializeOnLoadAttributes (66ms)
				ProcessInitializeOnLoadMethodAttributes (22ms)
				AfterProcessingInitializeOnLoad (0ms)
				EditorAssembliesLoaded (0ms)
			ExecutionOrderSort2 (0ms)
			AwakeInstancesAfterBackupRestoration (0ms)
Platform modules already initialized, skipping
Registering precompiled user dll's ...
Registered in 0.006428 seconds.
Begin MonoManager ReloadAssembly
Native extension for WindowsStandalone target not found
Refreshing native plugins compatible for Editor in 68.17 ms, found 13 plugins.
Preloading 1 native plugins for Editor in 0.04 ms.
Mono: successfully reloaded assembly
- Completed reload, in  1.225 seconds
Domain Reload Profiling:
	ReloadAssembly (1225ms)
		BeginReloadAssembly (114ms)
			ExecutionOrderSort (0ms)
			DisableScriptedObjects (4ms)
			BackupInstance (0ms)
			ReleaseScriptingObjects (0ms)
			CreateAndSetChildDomain (15ms)
		EndReloadAssembly (1063ms)
			LoadAssemblies (80ms)
			RebuildTransferFunctionScriptingTraits (0ms)
			SetupTypeCache (303ms)
			ReleaseScriptCaches (1ms)
			RebuildScriptCaches (53ms)
			SetupLoadedEditorAssemblies (513ms)
				LogAssemblyErrors (0ms)
				InitializePlatformSupportModulesInManaged (5ms)
				SetLoadedEditorAssemblies (0ms)
				RefreshPlugins (68ms)
				BeforeProcessingInitializeOnLoad (74ms)
				ProcessInitializeOnLoadAttributes (348ms)
				ProcessInitializeOnLoadMethodAttributes (14ms)
				AfterProcessingInitializeOnLoad (4ms)
				EditorAssembliesLoaded (0ms)
			ExecutionOrderSort2 (0ms)
			AwakeInstancesAfterBackupRestoration (5ms)
Platform modules already initialized, skipping
========================================================================
Worker process is ready to serve import requests
Shader 'Oculus/OVRMRCameraFrameLit': fallback shader 'Alpha-Diffuse' not found
Launched and connected shader compiler UnityShaderCompiler.exe after 0.03 seconds
Refreshing native plugins compatible for Editor in 1.00 ms, found 13 plugins.
Preloading 1 native plugins for Editor in 0.03 ms.
Unloading 3518 Unused Serialized files (Serialized files now loaded: 0)
System memory in use before: 163.8 MB.
System memory in use after: 164.0 MB.

Unloading 69 unused Assets to reduce memory usage. Loaded Objects now: 3917.
Total: 3.974600 ms (FindLiveObjects: 0.309500 ms CreateObjectMapping: 0.142700 ms MarkObjects: 3.435200 ms  DeleteObjects: 0.085900 ms)

AssetImportParameters requested are different than current active one (requested -> active):
  custom:framework-win-MediaFoundation: 216162199b28c13a410421893ffa2e32 -> 
  custom:video-decoder-ogg-theora: a1e56fd34408186e4bbccfd4996cb3dc -> 
  custom:container-muxer-webm: aa71ff27fc2769a1b78a27578f13a17b -> 
  custom:container-demuxer-webm: 4f35f7cbe854078d1ac9338744f61a02 -> 
  custom:container-demuxer-ogg: 62fdf1f143b41e24485cea50d1cbac27 -> 
  custom:video-encoder-webm-vp8: eb34c28f22e8b96e1ab97ce403110664 -> 
  custom:video-decoder-webm-vp8: 9c59270c3fd7afecdb556c50c9e8de78 -> 
  custom:audio-decoder-ogg-vorbis: bf7c407c2cedff20999df2af8eb42d56 -> 
  custom:audio-encoder-webm-vorbis: bf7c407c2cedff20999df2af8eb42d56 -> 
========================================================================
Received Import Request.
  path: Assets/Scenes/SampleScene.unity
  artifactKey: Guid(217b889f6f41e8e43adddac73e0e0213) Importer(815301076,1909f56bfc062723c751e8b465ee728b)
Start importing Assets/Scenes/SampleScene.unity using Guid(217b889f6f41e8e43adddac73e0e0213) Importer(815301076,1909f56bfc062723c751e8b465ee728b)  -> (artifact id: 'f77044187532a8729abe9051e09fe627') in 0.018535 seconds 
  Import took 0.023511 seconds .

========================================================================
Received Import Request.
  Time since last request: 1.523243 seconds.
  path: Assets/Prefabs/Scene Objects.prefab
  artifactKey: Guid(ed6fa189595962544a7e051554904031) Importer(815301076,1909f56bfc062723c751e8b465ee728b)
Start importing Assets/Prefabs/Scene Objects.prefab using Guid(ed6fa189595962544a7e051554904031) Importer(815301076,1909f56bfc062723c751e8b465ee728b)  -> (artifact id: '13db1f2e47e260f8cd86142f05d73f38') in 0.256714 seconds 
  Import took 0.261781 seconds .

========================================================================
Received Import Request.
  Time since last request: 0.860585 seconds.
  path: Assets/Oculus/SampleFramework/Usage/Passthrough/Prefabs/SceneSampler.prefab
  artifactKey: Guid(220df4ca43f2b4f4b8ce95f502e1de2f) Importer(815301076,1909f56bfc062723c751e8b465ee728b)
Start importing Assets/Oculus/SampleFramework/Usage/Passthrough/Prefabs/SceneSampler.prefab using Guid(220df4ca43f2b4f4b8ce95f502e1de2f) Importer(815301076,1909f56bfc062723c751e8b465ee728b)  -> (artifact id: '1da5ad49189f87ca3bbf1b7c80376931') in 0.103519 seconds 
  Import took 0.132310 seconds .

========================================================================
Received Import Request.
  Time since last request: 0.000261 seconds.
  path: Assets/SteamVR/InteractionSystem/Teleport/Models/TeleportMarker.fbx
  artifactKey: Guid(0e96081d793e1994086123e2505bcc0e) Importer(815301076,1909f56bfc062723c751e8b465ee728b)
Start importing Assets/SteamVR/InteractionSystem/Teleport/Models/TeleportMarker.fbx using Guid(0e96081d793e1994086123e2505bcc0e) Importer(815301076,1909f56bfc062723c751e8b465ee728b)  -> (artifact id: 'ec2fb0b3ccc6a9d5425c4d7c68dc3dd7') in 0.168893 seconds 
  Import took 0.200015 seconds .

========================================================================
Received Import Request.
  Time since last request: 10.382074 seconds.
  path: Assets/Oculus/Platform/Samples/SimplePlatformSample/MainScene.unity
  artifactKey: Guid(318d73ef645634c49839069272d9e4f4) Importer(815301076,1909f56bfc062723c751e8b465ee728b)
Start importing Assets/Oculus/Platform/Samples/SimplePlatformSample/MainScene.unity using Guid(318d73ef645634c49839069272d9e4f4) Importer(815301076,1909f56bfc062723c751e8b465ee728b)  -> (artifact id: 'f77e2d5d39537159ed544a1f37d7ebd2') in 0.007342 seconds 
  Import took 0.011669 seconds .

========================================================================
Received Import Request.
  Time since last request: 2.967857 seconds.
  path: Assets/Oculus/SampleFramework/Usage/StartScene.unity
  artifactKey: Guid(071fba5195bd4b04eab8668985aa1683) Importer(815301076,1909f56bfc062723c751e8b465ee728b)
Start importing Assets/Oculus/SampleFramework/Usage/StartScene.unity using Guid(071fba5195bd4b04eab8668985aa1683) Importer(815301076,1909f56bfc062723c751e8b465ee728b)  -> (artifact id: '8e2f80c6998126003cade729be3ddfc2') in 0.007089 seconds 
  Import took 0.011394 seconds .

========================================================================
Received Import Request.
  Time since last request: 7.102613 seconds.
  path: Assets/Oculus/Avatar/Samples/SocialStarter/Assets/MainScene.unity
  artifactKey: Guid(236a5f96528802e47a70d6e47ebd3c16) Importer(815301076,1909f56bfc062723c751e8b465ee728b)
Start importing Assets/Oculus/Avatar/Samples/SocialStarter/Assets/MainScene.unity using Guid(236a5f96528802e47a70d6e47ebd3c16) Importer(815301076,1909f56bfc062723c751e8b465ee728b)  -> (artifact id: 'e87a6d4b5198928191ac3a97d39c030c') in 0.002977 seconds 
  Import took 0.007300 seconds .

========================================================================
Received Import Request.
  Time since last request: 1.560750 seconds.
  path: Assets/Oculus/Platform/Samples/NetChat/MainScene.unity
  artifactKey: Guid(4a5c060329791374cba1196f7ac36ef5) Importer(815301076,1909f56bfc062723c751e8b465ee728b)
Start importing Assets/Oculus/Platform/Samples/NetChat/MainScene.unity using Guid(4a5c060329791374cba1196f7ac36ef5) Importer(815301076,1909f56bfc062723c751e8b465ee728b)  -> (artifact id: 'faa454e8a821892e960805270cf630c0') in 0.002999 seconds 
  Import took 0.146938 seconds .

========================================================================
Received Import Request.
  Time since last request: 3.162597 seconds.
  path: Assets/Simple Garage/Scenes/Garage Scene.unity
  artifactKey: Guid(9fc0d4010bbf28b4594072e72b8655ab) Importer(815301076,1909f56bfc062723c751e8b465ee728b)
Start importing Assets/Simple Garage/Scenes/Garage Scene.unity using Guid(9fc0d4010bbf28b4594072e72b8655ab) Importer(815301076,1909f56bfc062723c751e8b465ee728b)  -> (artifact id: 'ddae0a20cc4f9fd24b862ef9f496af4b') in 0.007055 seconds 
  Import took 0.024933 seconds .

========================================================================
Received Import Request.
  Time since last request: 7.726002 seconds.
  path: Assets/Oculus/SampleFramework/Usage/HandsInteractionTrainScene.unity
  artifactKey: Guid(a9c41884ef0c347628dfd8a4af4a022e) Importer(815301076,1909f56bfc062723c751e8b465ee728b)
Start importing Assets/Oculus/SampleFramework/Usage/HandsInteractionTrainScene.unity using Guid(a9c41884ef0c347628dfd8a4af4a022e) Importer(815301076,1909f56bfc062723c751e8b465ee728b)  -> (artifact id: 'd56f5c7a1b9449fec644bad2acaae45d') in 0.133870 seconds 
  Import took 0.161800 seconds .

========================================================================
Received Import Request.
  Time since last request: 0.018447 seconds.
  path: Assets/TobiiPro/Examples/VRDemo/Scenes
  artifactKey: Guid(f7b1f4ee53e932d4c986e029bd1fe141) Importer(815301076,1909f56bfc062723c751e8b465ee728b)
Start importing Assets/TobiiPro/Examples/VRDemo/Scenes using Guid(f7b1f4ee53e932d4c986e029bd1fe141) Importer(815301076,1909f56bfc062723c751e8b465ee728b)  -> (artifact id: '7122ef93a2a9ec579028243befbf7874') in 0.008239 seconds 
  Import took 0.014227 seconds .

========================================================================
Received Prepare
Shader 'Oculus/OVRMRCameraFrameLit': fallback shader 'Alpha-Diffuse' not found
Refreshing native plugins compatible for Editor in 10.13 ms, found 13 plugins.
Preloading 1 native plugins for Editor in 0.03 ms.
Unloading 58 Unused Serialized files (Serialized files now loaded: 0)
System memory in use before: 92.5 MB.
System memory in use after: 92.8 MB.

Unloading 59 unused Assets to reduce memory usage. Loaded Objects now: 3930.
Total: 4.763300 ms (FindLiveObjects: 0.280400 ms CreateObjectMapping: 0.146400 ms MarkObjects: 4.301400 ms  DeleteObjects: 0.034000 ms)

AssetImportParameters requested are different than current active one (requested -> active):
  custom:framework-win-MediaFoundation: 216162199b28c13a410421893ffa2e32 -> 
  custom:video-decoder-ogg-theora: a1e56fd34408186e4bbccfd4996cb3dc -> 
  custom:container-muxer-webm: aa71ff27fc2769a1b78a27578f13a17b -> 
  custom:container-demuxer-webm: 4f35f7cbe854078d1ac9338744f61a02 -> 
  custom:container-demuxer-ogg: 62fdf1f143b41e24485cea50d1cbac27 -> 
  custom:video-encoder-webm-vp8: eb34c28f22e8b96e1ab97ce403110664 -> 
  custom:video-decoder-webm-vp8: 9c59270c3fd7afecdb556c50c9e8de78 -> 
  custom:audio-decoder-ogg-vorbis: bf7c407c2cedff20999df2af8eb42d56 -> 
  custom:audio-encoder-webm-vorbis: bf7c407c2cedff20999df2af8eb42d56 -> 
AssetImportWorkerClient::OnTransportError - code=2 error=End of file
